# JRE version: OpenJDK Runtime Environment (8.0_242-b01) (build 1.8.0_242-release-1644-b01)
# Java VM: OpenJDK 64-Bit Server VM (25.242-b01 mixed mode windows-amd64 compressed oops)
Heap:
 PSYoungGen      total 329216K, used 319789K [0x00000000d5580000, 0x00000000f0400000, 0x0000000100000000)
  eden space 282112K, 100% used [0x00000000d5580000,0x00000000e6900000,0x00000000e6900000)
  from space 47104K, 79% used [0x00000000e6900000,0x00000000e8dcb7d8,0x00000000e9700000)
  to   space 51200K, 0% used [0x00000000ed200000,0x00000000ed264010,0x00000000f0400000)
 ParOldGen       total 215040K, used 41486K [0x0000000080000000, 0x000000008d200000, 0x00000000d5580000)
  object space 215040K, 19% used [0x0000000080000000,0x00000000828839e0,0x000000008d200000)
 Metaspace       used 109842K, capacity 116429K, committed 117272K, reserved 1150976K
  class space    used 14279K, capacity 15398K, committed 15920K, reserved 1048576K
GC Heap History (10 events):
Event: 8437.076 GC heap before
{Heap before GC invocations=31 (full 6):
 PSYoungGen      total 244224K, used 4160K [0x00000000d5580000, 0x00000000e9080000, 0x0000000100000000)
  eden space 239616K, 0% used [0x00000000d5580000,0x00000000d5580000,0x00000000e3f80000)
  from space 4608K, 90% used [0x00000000e3f80000,0x00000000e4390010,0x00000000e4400000)
  to   space 41472K, 0% used [0x00000000e6800000,0x00000000e6800000,0x00000000e9080000)
 ParOldGen       total 215040K, used 45233K [0x0000000080000000, 0x000000008d200000, 0x00000000d5580000)
  object space 215040K, 21% used [0x0000000080000000,0x0000000082c2c768,0x000000008d200000)
 Metaspace       used 108096K, capacity 114231K, committed 117272K, reserved 1150976K
  class space    used 14144K, capacity 15235K, committed 15920K, reserved 1048576K
Event: 8441.894 GC heap after
Heap after GC invocations=31 (full 6):
 PSYoungGen      total 244224K, used 0K [0x00000000d5580000, 0x00000000e9080000, 0x0000000100000000)
  eden space 239616K, 0% used [0x00000000d5580000,0x00000000d5580000,0x00000000e3f80000)
  from space 4608K, 0% used [0x00000000e3f80000,0x00000000e3f80000,0x00000000e4400000)
  to   space 41472K, 0% used [0x00000000e6800000,0x00000000e6800000,0x00000000e9080000)
 ParOldGen       total 215040K, used 41452K [0x0000000080000000, 0x000000008d200000, 0x00000000d5580000)
  object space 215040K, 19% used [0x0000000080000000,0x000000008287b008,0x000000008d200000)
 Metaspace       used 107805K, capacity 113741K, committed 117272K, reserved 1150976K
  class space    used 14099K, capacity 15152K, committed 15920K, reserved 1048576K
}
Event: 16220.786 GC heap before
{Heap before GC invocations=32 (full 6):
 PSYoungGen      total 244224K, used 239616K [0x00000000d5580000, 0x00000000e9080000, 0x0000000100000000)
  eden space 239616K, 100% used [0x00000000d5580000,0x00000000e3f80000,0x00000000e3f80000)
  from space 4608K, 0% used [0x00000000e3f80000,0x00000000e3f80000,0x00000000e4400000)
  to   space 41472K, 0% used [0x00000000e6800000,0x00000000e6800000,0x00000000e9080000)
 ParOldGen       total 215040K, used 41459K [0x0000000080000000, 0x000000008d200000, 0x00000000d5580000)
  object space 215040K, 19% used [0x0000000080000000,0x000000008287cf20,0x000000008d200000)
 Metaspace       used 109105K, capacity 115581K, committed 117272K, reserved 1150976K
  class space    used 14239K, capacity 15366K, committed 15920K, reserved 1048576K
Event: 16220.921 GC heap after
Heap after GC invocations=32 (full 6):
 PSYoungGen      total 281088K, used 22719K [0x00000000d5580000, 0x00000000e9e80000, 0x0000000100000000)
  eden space 239616K, 0% used [0x00000000d5580000,0x00000000d5580000,0x00000000e3f80000)
  from space 41472K, 54% used [0x00000000e6800000,0x00000000e7e2ff38,0x00000000e9080000)
  to   space 41472K, 0% used [0x00000000e3f80000,0x00000000e3f80000,0x00000000e6800000)
 ParOldGen       total 215040K, used 41467K [0x0000000080000000, 0x000000008d200000, 0x00000000d5580000)
  object space 215040K, 19% used [0x0000000080000000,0x000000008287ef20,0x000000008d200000)
 Metaspace       used 109105K, capacity 115581K, committed 117272K, reserved 1150976K
  class space    used 14239K, capacity 15366K, committed 15920K, reserved 1048576K
}
Event: 16222.276 GC heap before
{Heap before GC invocations=33 (full 6):
 PSYoungGen      total 281088K, used 262335K [0x00000000d5580000, 0x00000000e9e80000, 0x0000000100000000)
  eden space 239616K, 100% used [0x00000000d5580000,0x00000000e3f80000,0x00000000e3f80000)
  from space 41472K, 54% used [0x00000000e6800000,0x00000000e7e2ff38,0x00000000e9080000)
  to   space 41472K, 0% used [0x00000000e3f80000,0x00000000e3f80000,0x00000000e6800000)
 ParOldGen       total 215040K, used 41470K [0x0000000080000000, 0x000000008d200000, 0x00000000d5580000)
  object space 215040K, 19% used [0x0000000080000000,0x000000008287f9e0,0x000000008d200000)
 Metaspace       used 109331K, capacity 115859K, committed 117272K, reserved 1150976K
  class space    used 14262K, capacity 15385K, committed 15920K, reserved 1048576K
Event: 16222.512 GC heap after
Heap after GC invocations=33 (full 6):
 PSYoungGen      total 281088K, used 29472K [0x00000000d5580000, 0x00000000ec200000, 0x0000000100000000)
  eden space 239616K, 0% used [0x00000000d5580000,0x00000000d5580000,0x00000000e3f80000)
  from space 41472K, 71% used [0x00000000e3f80000,0x00000000e5c48160,0x00000000e6800000)
  to   space 44032K, 0% used [0x00000000e9700000,0x00000000e9700000,0x00000000ec200000)
 ParOldGen       total 215040K, used 41478K [0x0000000080000000, 0x000000008d200000, 0x00000000d5580000)
  object space 215040K, 19% used [0x0000000080000000,0x00000000828819e0,0x000000008d200000)
 Metaspace       used 109331K, capacity 115859K, committed 117272K, reserved 1150976K
  class space    used 14262K, capacity 15385K, committed 15920K, reserved 1048576K
}
Event: 16222.936 GC heap before
{Heap before GC invocations=34 (full 6):
 PSYoungGen      total 281088K, used 269088K [0x00000000d5580000, 0x00000000ec200000, 0x0000000100000000)
  eden space 239616K, 100% used [0x00000000d5580000,0x00000000e3f80000,0x00000000e3f80000)
  from space 41472K, 71% used [0x00000000e3f80000,0x00000000e5c48160,0x00000000e6800000)
  to   space 44032K, 0% used [0x00000000e9700000,0x00000000e9700000,0x00000000ec200000)
 ParOldGen       total 215040K, used 41478K [0x0000000080000000, 0x000000008d200000, 0x00000000d5580000)
  object space 215040K, 19% used [0x0000000080000000,0x00000000828819e0,0x000000008d200000)
 Metaspace       used 109465K, capacity 115973K, committed 117272K, reserved 1150976K
  class space    used 14277K, capacity 15396K, committed 15920K, reserved 1048576K
Event: 16222.963 GC heap after
Heap after GC invocations=34 (full 6):
 PSYoungGen      total 326144K, used 33829K [0x00000000d5580000, 0x00000000eca00000, 0x0000000100000000)
  eden space 282112K, 0% used [0x00000000d5580000,0x00000000d5580000,0x00000000e6900000)
  from space 44032K, 76% used [0x00000000e9700000,0x00000000eb8094f0,0x00000000ec200000)
  to   space 47104K, 0% used [0x00000000e6900000,0x00000000e6900000,0x00000000e9700000)
 ParOldGen       total 215040K, used 41478K [0x0000000080000000, 0x000000008d200000, 0x00000000d5580000)
  object space 215040K, 19% used [0x0000000080000000,0x00000000828819e0,0x000000008d200000)
 Metaspace       used 109465K, capacity 115973K, committed 117272K, reserved 1150976K
  class space    used 14277K, capacity 15396K, committed 15920K, reserved 1048576K
}
Event: 16223.537 GC heap before
{Heap before GC invocations=35 (full 6):
 PSYoungGen      total 326144K, used 315941K [0x00000000d5580000, 0x00000000eca00000, 0x0000000100000000)
  eden space 282112K, 100% used [0x00000000d5580000,0x00000000e6900000,0x00000000e6900000)
  from space 44032K, 76% used [0x00000000e9700000,0x00000000eb8094f0,0x00000000ec200000)
  to   space 47104K, 0% used [0x00000000e6900000,0x00000000e6900000,0x00000000e9700000)
 ParOldGen       total 215040K, used 41478K [0x0000000080000000, 0x000000008d200000, 0x00000000d5580000)
  object space 215040K, 19% used [0x0000000080000000,0x00000000828819e0,0x000000008d200000)
 Metaspace       used 109690K, capacity 116203K, committed 117272K, reserved 1150976K
  class space    used 14279K, capacity 15397K, committed 15920K, reserved 1048576K
Event: 16223.566 GC heap after
Heap after GC invocations=35 (full 6):
 PSYoungGen      total 329216K, used 37677K [0x00000000d5580000, 0x00000000f0400000, 0x0000000100000000)
  eden space 282112K, 0% used [0x00000000d5580000,0x00000000d5580000,0x00000000e6900000)
  from space 47104K, 79% used [0x00000000e6900000,0x00000000e8dcb7d8,0x00000000e9700000)
  to   space 51200K, 0% used [0x00000000ed200000,0x00000000ed200000,0x00000000f0400000)
 ParOldGen       total 215040K, used 41486K [0x0000000080000000, 0x000000008d200000, 0x00000000d5580000)
  object space 215040K, 19% used [0x0000000080000000,0x00000000828839e0,0x000000008d200000)
 Metaspace       used 109690K, capacity 116203K, committed 117272K, reserved 1150976K
  class space    used 14279K, capacity 15397K, committed 15920K, reserved 1048576K
}

