# JRE version: OpenJDK Runtime Environment (8.0_242-b01) (build 1.8.0_242-release-1644-b01)
# Java VM: OpenJDK 64-Bit Server VM (25.242-b01 mixed mode windows-amd64 compressed oops)
Heap:
 PSYoungGen      total 223232K, used 169409K [0x00000000d5580000, 0x00000000e4d80000, 0x0000000100000000)
  eden space 194560K, 80% used [0x00000000d5580000,0x00000000deeba650,0x00000000e1380000)
  from space 28672K, 43% used [0x00000000e1380000,0x00000000e1fb6100,0x00000000e2f80000)
  to   space 27136K, 0% used [0x00000000e3300000,0x00000000e3300000,0x00000000e4d80000)
 ParOldGen       total 207360K, used 60916K [0x0000000080000000, 0x000000008ca80000, 0x00000000d5580000)
  object space 207360K, 29% used [0x0000000080000000,0x0000000083b7d398,0x000000008ca80000)
 Metaspace       used 100499K, capacity 106264K, committed 106520K, reserved 1142784K
  class space    used 13014K, capacity 14031K, committed 14128K, reserved 1048576K
GC Heap History (10 events):
Event: 915.830 GC heap before
{Heap before GC invocations=29 (full 4):
 PSYoungGen      total 211968K, used 187369K [0x00000000d5580000, 0x00000000e4580000, 0x0000000100000000)
  eden space 179200K, 100% used [0x00000000d5580000,0x00000000e0480000,0x00000000e0480000)
  from space 32768K, 24% used [0x00000000e2580000,0x00000000e2d7a530,0x00000000e4580000)
  to   space 33280K, 0% used [0x00000000e0480000,0x00000000e0480000,0x00000000e2500000)
 ParOldGen       total 207360K, used 60876K [0x0000000080000000, 0x000000008ca80000, 0x00000000d5580000)
  object space 207360K, 29% used [0x0000000080000000,0x0000000083b73398,0x000000008ca80000)
 Metaspace       used 98234K, capacity 103084K, committed 104088K, reserved 1138688K
  class space    used 12862K, capacity 13733K, committed 14000K, reserved 1048576K
Event: 915.838 GC heap after
Heap after GC invocations=29 (full 4):
 PSYoungGen      total 212480K, used 7096K [0x00000000d5580000, 0x00000000e5000000, 0x0000000100000000)
  eden space 179200K, 0% used [0x00000000d5580000,0x00000000d5580000,0x00000000e0480000)
  from space 33280K, 21% used [0x00000000e0480000,0x00000000e0b6e090,0x00000000e2500000)
  to   space 32768K, 0% used [0x00000000e3000000,0x00000000e3000000,0x00000000e5000000)
 ParOldGen       total 207360K, used 60884K [0x0000000080000000, 0x000000008ca80000, 0x00000000d5580000)
  object space 207360K, 29% used [0x0000000080000000,0x0000000083b75398,0x000000008ca80000)
 Metaspace       used 98234K, capacity 103084K, committed 104088K, reserved 1138688K
  class space    used 12862K, capacity 13733K, committed 14000K, reserved 1048576K
}
Event: 950.908 GC heap before
{Heap before GC invocations=30 (full 4):
 PSYoungGen      total 212480K, used 186296K [0x00000000d5580000, 0x00000000e5000000, 0x0000000100000000)
  eden space 179200K, 100% used [0x00000000d5580000,0x00000000e0480000,0x00000000e0480000)
  from space 33280K, 21% used [0x00000000e0480000,0x00000000e0b6e090,0x00000000e2500000)
  to   space 32768K, 0% used [0x00000000e3000000,0x00000000e3000000,0x00000000e5000000)
 ParOldGen       total 207360K, used 60884K [0x0000000080000000, 0x000000008ca80000, 0x00000000d5580000)
  object space 207360K, 29% used [0x0000000080000000,0x0000000083b75398,0x000000008ca80000)
 Metaspace       used 98629K, capacity 103744K, committed 104344K, reserved 1140736K
  class space    used 12885K, capacity 13775K, committed 14000K, reserved 1048576K
Event: 950.917 GC heap after
Heap after GC invocations=30 (full 4):
 PSYoungGen      total 216576K, used 9080K [0x00000000d5580000, 0x00000000e4b80000, 0x0000000100000000)
  eden space 188416K, 0% used [0x00000000d5580000,0x00000000d5580000,0x00000000e0d80000)
  from space 28160K, 32% used [0x00000000e3000000,0x00000000e38de090,0x00000000e4b80000)
  to   space 31744K, 0% used [0x00000000e0d80000,0x00000000e0d80000,0x00000000e2c80000)
 ParOldGen       total 207360K, used 60892K [0x0000000080000000, 0x000000008ca80000, 0x00000000d5580000)
  object space 207360K, 29% used [0x0000000080000000,0x0000000083b77398,0x000000008ca80000)
 Metaspace       used 98629K, capacity 103744K, committed 104344K, reserved 1140736K
  class space    used 12885K, capacity 13775K, committed 14000K, reserved 1048576K
}
Event: 979.834 GC heap before
{Heap before GC invocations=31 (full 4):
 PSYoungGen      total 216576K, used 197496K [0x00000000d5580000, 0x00000000e4b80000, 0x0000000100000000)
  eden space 188416K, 100% used [0x00000000d5580000,0x00000000e0d80000,0x00000000e0d80000)
  from space 28160K, 32% used [0x00000000e3000000,0x00000000e38de090,0x00000000e4b80000)
  to   space 31744K, 0% used [0x00000000e0d80000,0x00000000e0d80000,0x00000000e2c80000)
 ParOldGen       total 207360K, used 60892K [0x0000000080000000, 0x000000008ca80000, 0x00000000d5580000)
  object space 207360K, 29% used [0x0000000080000000,0x0000000083b77398,0x000000008ca80000)
 Metaspace       used 99209K, capacity 104752K, committed 104856K, reserved 1140736K
  class space    used 12965K, capacity 13953K, committed 14000K, reserved 1048576K
Event: 979.850 GC heap after
Heap after GC invocations=31 (full 4):
 PSYoungGen      total 220160K, used 10688K [0x00000000d5580000, 0x00000000e5080000, 0x0000000100000000)
  eden space 188416K, 0% used [0x00000000d5580000,0x00000000d5580000,0x00000000e0d80000)
  from space 31744K, 33% used [0x00000000e0d80000,0x00000000e17f0338,0x00000000e2c80000)
  to   space 30208K, 0% used [0x00000000e3300000,0x00000000e3300000,0x00000000e5080000)
 ParOldGen       total 207360K, used 60900K [0x0000000080000000, 0x000000008ca80000, 0x00000000d5580000)
  object space 207360K, 29% used [0x0000000080000000,0x0000000083b79398,0x000000008ca80000)
 Metaspace       used 99209K, capacity 104752K, committed 104856K, reserved 1140736K
  class space    used 12965K, capacity 13953K, committed 14000K, reserved 1048576K
}
Event: 1127.698 GC heap before
{Heap before GC invocations=32 (full 4):
 PSYoungGen      total 220160K, used 199104K [0x00000000d5580000, 0x00000000e5080000, 0x0000000100000000)
  eden space 188416K, 100% used [0x00000000d5580000,0x00000000e0d80000,0x00000000e0d80000)
  from space 31744K, 33% used [0x00000000e0d80000,0x00000000e17f0338,0x00000000e2c80000)
  to   space 30208K, 0% used [0x00000000e3300000,0x00000000e3300000,0x00000000e5080000)
 ParOldGen       total 207360K, used 60900K [0x0000000080000000, 0x000000008ca80000, 0x00000000d5580000)
  object space 207360K, 29% used [0x0000000080000000,0x0000000083b79398,0x000000008ca80000)
 Metaspace       used 99518K, capacity 105048K, committed 105112K, reserved 1140736K
  class space    used 12982K, capacity 13981K, committed 14000K, reserved 1048576K
Event: 1127.714 GC heap after
Heap after GC invocations=32 (full 4):
 PSYoungGen      total 219648K, used 11424K [0x00000000d5580000, 0x00000000e4b80000, 0x0000000100000000)
  eden space 194560K, 0% used [0x00000000d5580000,0x00000000d5580000,0x00000000e1380000)
  from space 25088K, 45% used [0x00000000e3300000,0x00000000e3e28368,0x00000000e4b80000)
  to   space 28672K, 0% used [0x00000000e1380000,0x00000000e1380000,0x00000000e2f80000)
 ParOldGen       total 207360K, used 60908K [0x0000000080000000, 0x000000008ca80000, 0x00000000d5580000)
  object space 207360K, 29% used [0x0000000080000000,0x0000000083b7b398,0x000000008ca80000)
 Metaspace       used 99518K, capacity 105048K, committed 105112K, reserved 1140736K
  class space    used 12982K, capacity 13981K, committed 14000K, reserved 1048576K
}
Event: 1181.569 GC heap before
{Heap before GC invocations=33 (full 4):
 PSYoungGen      total 219648K, used 205984K [0x00000000d5580000, 0x00000000e4b80000, 0x0000000100000000)
  eden space 194560K, 100% used [0x00000000d5580000,0x00000000e1380000,0x00000000e1380000)
  from space 25088K, 45% used [0x00000000e3300000,0x00000000e3e28368,0x00000000e4b80000)
  to   space 28672K, 0% used [0x00000000e1380000,0x00000000e1380000,0x00000000e2f80000)
 ParOldGen       total 207360K, used 60908K [0x0000000080000000, 0x000000008ca80000, 0x00000000d5580000)
  object space 207360K, 29% used [0x0000000080000000,0x0000000083b7b398,0x000000008ca80000)
 Metaspace       used 99778K, capacity 105470K, committed 105752K, reserved 1140736K
  class space    used 13009K, capacity 14030K, committed 14128K, reserved 1048576K
Event: 1181.585 GC heap after
Heap after GC invocations=33 (full 4):
 PSYoungGen      total 223232K, used 12504K [0x00000000d5580000, 0x00000000e4d80000, 0x0000000100000000)
  eden space 194560K, 0% used [0x00000000d5580000,0x00000000d5580000,0x00000000e1380000)
  from space 28672K, 43% used [0x00000000e1380000,0x00000000e1fb6100,0x00000000e2f80000)
  to   space 27136K, 0% used [0x00000000e3300000,0x00000000e3300000,0x00000000e4d80000)
 ParOldGen       total 207360K, used 60916K [0x0000000080000000, 0x000000008ca80000, 0x00000000d5580000)
  object space 207360K, 29% used [0x0000000080000000,0x0000000083b7d398,0x000000008ca80000)
 Metaspace       used 99778K, capacity 105470K, committed 105752K, reserved 1140736K
  class space    used 13009K, capacity 14030K, committed 14128K, reserved 1048576K
}

