# JRE version: OpenJDK Runtime Environment (8.0_242-b01) (build 1.8.0_242-release-1644-b01)
# Java VM: OpenJDK 64-Bit Server VM (25.242-b01 mixed mode windows-amd64 compressed oops)
Heap:
 PSYoungGen      total 576512K, used 93626K [0x00000000d5580000, 0x0000000100000000, 0x0000000100000000)
  eden space 510464K, 5% used [0x00000000d5580000,0x00000000d707c0c0,0x00000000f4800000)
  from space 66048K, 99% used [0x00000000f4800000,0x00000000f8872978,0x00000000f8880000)
  to   space 98816K, 0% used [0x00000000f9f80000,0x00000000f9f80000,0x0000000100000000)
 ParOldGen       total 231936K, used 118906K [0x0000000080000000, 0x000000008e280000, 0x00000000d5580000)
  object space 231936K, 51% used [0x0000000080000000,0x000000008741e9c0,0x000000008e280000)
 Metaspace       used 216448K, capacity 228992K, committed 229656K, reserved 1249280K
  class space    used 27234K, capacity 29367K, committed 29488K, reserved 1048576K
GC Heap History (10 events):
Event: 16385.778 GC heap before
{Heap before GC invocations=55 (full 8):
 PSYoungGen      total 617984K, used 558701K [0x00000000d5580000, 0x00000000ffc00000, 0x0000000100000000)
  eden space 545280K, 100% used [0x00000000d5580000,0x00000000f6a00000,0x00000000f6a00000)
  from space 72704K, 18% used [0x00000000fb080000,0x00000000fbd9b788,0x00000000ff780000)
  to   space 72192K, 0% used [0x00000000f6a00000,0x00000000f6a00000,0x00000000fb080000)
 ParOldGen       total 231936K, used 79219K [0x0000000080000000, 0x000000008e280000, 0x00000000d5580000)
  object space 231936K, 34% used [0x0000000080000000,0x0000000084d5ccb0,0x000000008e280000)
 Metaspace       used 153054K, capacity 164020K, committed 166168K, reserved 1193984K
  class space    used 19508K, capacity 21320K, committed 21808K, reserved 1048576K
Event: 16385.803 GC heap after
Heap after GC invocations=55 (full 8):
 PSYoungGen      total 617472K, used 16049K [0x00000000d5580000, 0x00000000ffb80000, 0x0000000100000000)
  eden space 545280K, 0% used [0x00000000d5580000,0x00000000d5580000,0x00000000f6a00000)
  from space 72192K, 22% used [0x00000000f6a00000,0x00000000f79ac470,0x00000000fb080000)
  to   space 70144K, 0% used [0x00000000fb700000,0x00000000fb700000,0x00000000ffb80000)
 ParOldGen       total 231936K, used 79227K [0x0000000080000000, 0x000000008e280000, 0x00000000d5580000)
  object space 231936K, 34% used [0x0000000080000000,0x0000000084d5ecb0,0x000000008e280000)
 Metaspace       used 153054K, capacity 164020K, committed 166168K, reserved 1193984K
  class space    used 19508K, capacity 21320K, committed 21808K, reserved 1048576K
}
Event: 16398.278 GC heap before
{Heap before GC invocations=56 (full 8):
 PSYoungGen      total 617472K, used 561329K [0x00000000d5580000, 0x00000000ffb80000, 0x0000000100000000)
  eden space 545280K, 100% used [0x00000000d5580000,0x00000000f6a00000,0x00000000f6a00000)
  from space 72192K, 22% used [0x00000000f6a00000,0x00000000f79ac470,0x00000000fb080000)
  to   space 70144K, 0% used [0x00000000fb700000,0x00000000fb700000,0x00000000ffb80000)
 ParOldGen       total 231936K, used 79227K [0x0000000080000000, 0x000000008e280000, 0x00000000d5580000)
  object space 231936K, 34% used [0x0000000080000000,0x0000000084d5ecb0,0x000000008e280000)
 Metaspace       used 191582K, capacity 203638K, committed 204312K, reserved 1226752K
  class space    used 24241K, capacity 26256K, committed 26416K, reserved 1048576K
Event: 16398.452 GC heap after
Heap after GC invocations=56 (full 8):
 PSYoungGen      total 600064K, used 70125K [0x00000000d5580000, 0x0000000100000000, 0x0000000100000000)
  eden space 529920K, 0% used [0x00000000d5580000,0x00000000d5580000,0x00000000f5b00000)
  from space 70144K, 99% used [0x00000000fb700000,0x00000000ffb7b5b0,0x00000000ffb80000)
  to   space 84480K, 0% used [0x00000000f5b00000,0x00000000f5b00000,0x00000000fad80000)
 ParOldGen       total 231936K, used 88109K [0x0000000080000000, 0x000000008e280000, 0x00000000d5580000)
  object space 231936K, 37% used [0x0000000080000000,0x000000008560b730,0x000000008e280000)
 Metaspace       used 191582K, capacity 203638K, committed 204312K, reserved 1226752K
  class space    used 24241K, capacity 26256K, committed 26416K, reserved 1048576K
}
Event: 16407.114 GC heap before
{Heap before GC invocations=57 (full 8):
 PSYoungGen      total 600064K, used 599922K [0x00000000d5580000, 0x0000000100000000, 0x0000000100000000)
  eden space 529920K, 99% used [0x00000000d5580000,0x00000000f5ae1378,0x00000000f5b00000)
  from space 70144K, 99% used [0x00000000fb700000,0x00000000ffb7b5b0,0x00000000ffb80000)
  to   space 84480K, 0% used [0x00000000f5b00000,0x00000000f5b00000,0x00000000fad80000)
 ParOldGen       total 231936K, used 88109K [0x0000000080000000, 0x000000008e280000, 0x00000000d5580000)
  object space 231936K, 37% used [0x0000000080000000,0x000000008560b730,0x000000008e280000)
 Metaspace       used 215145K, capacity 227646K, committed 228376K, reserved 1249280K
  class space    used 27093K, capacity 29198K, committed 29232K, reserved 1048576K
Event: 16407.262 GC heap after
Heap after GC invocations=57 (full 8):
 PSYoungGen      total 614400K, used 84479K [0x00000000d5580000, 0x0000000100000000, 0x0000000100000000)
  eden space 529920K, 0% used [0x00000000d5580000,0x00000000d5580000,0x00000000f5b00000)
  from space 84480K, 99% used [0x00000000f5b00000,0x00000000fad7ff88,0x00000000fad80000)
  to   space 84480K, 0% used [0x00000000fad80000,0x00000000fad80000,0x0000000100000000)
 ParOldGen       total 231936K, used 92260K [0x0000000080000000, 0x000000008e280000, 0x00000000d5580000)
  object space 231936K, 39% used [0x0000000080000000,0x0000000085a19028,0x000000008e280000)
 Metaspace       used 215145K, capacity 227646K, committed 228376K, reserved 1249280K
  class space    used 27093K, capacity 29198K, committed 29232K, reserved 1048576K
}
Event: 17134.485 GC heap before
{Heap before GC invocations=58 (full 8):
 PSYoungGen      total 614400K, used 614399K [0x00000000d5580000, 0x0000000100000000, 0x0000000100000000)
  eden space 529920K, 100% used [0x00000000d5580000,0x00000000f5b00000,0x00000000f5b00000)
  from space 84480K, 99% used [0x00000000f5b00000,0x00000000fad7ff88,0x00000000fad80000)
  to   space 84480K, 0% used [0x00000000fad80000,0x00000000fad80000,0x0000000100000000)
 ParOldGen       total 231936K, used 92260K [0x0000000080000000, 0x000000008e280000, 0x00000000d5580000)
  object space 231936K, 39% used [0x0000000080000000,0x0000000085a19028,0x000000008e280000)
 Metaspace       used 216306K, capacity 228906K, committed 229656K, reserved 1249280K
  class space    used 27231K, capacity 29364K, committed 29488K, reserved 1048576K
Event: 17134.551 GC heap after
Heap after GC invocations=58 (full 8):
 PSYoungGen      total 594944K, used 40426K [0x00000000d5580000, 0x0000000100000000, 0x0000000100000000)
  eden space 510464K, 0% used [0x00000000d5580000,0x00000000d5580000,0x00000000f4800000)
  from space 84480K, 47% used [0x00000000fad80000,0x00000000fd4faae0,0x0000000100000000)
  to   space 94208K, 0% used [0x00000000f4800000,0x00000000f4800000,0x00000000fa400000)
 ParOldGen       total 231936K, used 92298K [0x0000000080000000, 0x000000008e280000, 0x00000000d5580000)
  object space 231936K, 39% used [0x0000000080000000,0x0000000085a22ab8,0x000000008e280000)
 Metaspace       used 216306K, capacity 228906K, committed 229656K, reserved 1249280K
  class space    used 27231K, capacity 29364K, committed 29488K, reserved 1048576K
}
Event: 17148.151 GC heap before
{Heap before GC invocations=59 (full 8):
 PSYoungGen      total 594944K, used 542571K [0x00000000d5580000, 0x0000000100000000, 0x0000000100000000)
  eden space 510464K, 98% used [0x00000000d5580000,0x00000000f3fe0210,0x00000000f4800000)
  from space 84480K, 47% used [0x00000000fad80000,0x00000000fd4faae0,0x0000000100000000)
  to   space 94208K, 0% used [0x00000000f4800000,0x00000000f4800000,0x00000000fa400000)
 ParOldGen       total 231936K, used 118898K [0x0000000080000000, 0x000000008e280000, 0x00000000d5580000)
  object space 231936K, 51% used [0x0000000080000000,0x000000008741c9c0,0x000000008e280000)
 Metaspace       used 216447K, capacity 228992K, committed 229656K, reserved 1249280K
  class space    used 27234K, capacity 29367K, committed 29488K, reserved 1048576K
Event: 17148.253 GC heap after
Heap after GC invocations=59 (full 8):
 PSYoungGen      total 576512K, used 65994K [0x00000000d5580000, 0x0000000100000000, 0x0000000100000000)
  eden space 510464K, 0% used [0x00000000d5580000,0x00000000d5580000,0x00000000f4800000)
  from space 66048K, 99% used [0x00000000f4800000,0x00000000f8872978,0x00000000f8880000)
  to   space 98816K, 0% used [0x00000000f9f80000,0x00000000f9f80000,0x0000000100000000)
 ParOldGen       total 231936K, used 118906K [0x0000000080000000, 0x000000008e280000, 0x00000000d5580000)
  object space 231936K, 51% used [0x0000000080000000,0x000000008741e9c0,0x000000008e280000)
 Metaspace       used 216447K, capacity 228992K, committed 229656K, reserved 1249280K
  class space    used 27234K, capacity 29367K, committed 29488K, reserved 1048576K
}

